<?xml version="1.0" encoding="UTF-8"?>
<robot generator="Robot 6.0.2 (Python 3.9.7 on win32)" generated="20230219 16:05:52.184" rpa="false" schemaversion="3">
<suite id="s1" name="TC 2" source="C:\Users\dell\PycharmProjects\rbt\TestCase\TC_2.robot">
<test id="s1-t1" name="LoginTest" line="7">
<kw name="Open Browser" library="SeleniumLibrary">
<arg>${url}</arg>
<arg>${browser}</arg>
<doc>Opens a new browser instance to the optional ``url``.</doc>
<msg timestamp="20230219 16:05:52.586" level="INFO">Opening browser 'chrome' to base url 'https://propftxdevadmin.iworklab.com/login/'.</msg>
<status status="PASS" starttime="20230219 16:05:52.585" endtime="20230219 16:05:57.121"/>
</kw>
<kw name="Maximize Browser Window" library="SeleniumLibrary">
<doc>Maximizes current browser window.</doc>
<status status="PASS" starttime="20230219 16:05:57.123" endtime="20230219 16:05:57.245"/>
</kw>
<kw name="Title Should Be" library="SeleniumLibrary">
<arg>PropFTX Admin</arg>
<doc>Verifies that the current page title equals ``title``.</doc>
<msg timestamp="20230219 16:05:57.256" level="INFO">Page title is 'PropFTX Admin'.</msg>
<status status="PASS" starttime="20230219 16:05:57.246" endtime="20230219 16:05:57.257"/>
</kw>
<kw name="Set Variable" library="BuiltIn">
<var>${loginEmail}</var>
<arg>//input[@name='loginEmail']</arg>
<doc>Returns the given values which can then be assigned to a variables.</doc>
<msg timestamp="20230219 16:05:57.258" level="INFO">${loginEmail} = //input[@name='loginEmail']</msg>
<status status="PASS" starttime="20230219 16:05:57.257" endtime="20230219 16:05:57.258"/>
</kw>
<kw name="Wait Until Page Contains Element" library="SeleniumLibrary">
<arg>${loginEmail}</arg>
<doc>Waits until the element ``locator`` appears on the current page.</doc>
<status status="PASS" starttime="20230219 16:05:57.258" endtime="20230219 16:05:57.542"/>
</kw>
<kw name="Element Should Be Enabled" library="SeleniumLibrary">
<arg>${loginEmail}</arg>
<doc>Verifies that element identified by ``locator`` is enabled.</doc>
<status status="PASS" starttime="20230219 16:05:57.543" endtime="20230219 16:05:57.601"/>
</kw>
<kw name="Element Should Be Visible" library="SeleniumLibrary">
<arg>${loginEmail}</arg>
<doc>Verifies that the element identified by ``locator`` is visible.</doc>
<msg timestamp="20230219 16:05:57.642" level="INFO">Element '//input[@name='loginEmail']' is displayed.</msg>
<status status="PASS" starttime="20230219 16:05:57.604" endtime="20230219 16:05:57.643"/>
</kw>
<kw name="Input Text" library="SeleniumLibrary">
<arg>${loginEmail}</arg>
<arg>rahul.agarwal@mail.vinove.com</arg>
<doc>Types the given ``text`` into the text field identified by ``locator``.</doc>
<msg timestamp="20230219 16:05:57.645" level="INFO">Typing text 'rahul.agarwal@mail.vinove.com' into text field '//input[@name='loginEmail']'.</msg>
<status status="PASS" starttime="20230219 16:05:57.643" endtime="20230219 16:05:57.897"/>
</kw>
<kw name="Sleep" library="BuiltIn">
<arg>3</arg>
<doc>Pauses the test executed for the given time.</doc>
<msg timestamp="20230219 16:06:00.913" level="INFO">Slept 3 seconds</msg>
<status status="PASS" starttime="20230219 16:05:57.898" endtime="20230219 16:06:00.913"/>
</kw>
<kw name="Input Text" library="SeleniumLibrary">
<arg>name:password</arg>
<arg>Admin@1234</arg>
<doc>Types the given ``text`` into the text field identified by ``locator``.</doc>
<msg timestamp="20230219 16:06:00.918" level="INFO">Typing text 'Admin@1234' into text field 'name:password'.</msg>
<status status="PASS" starttime="20230219 16:06:00.917" endtime="20230219 16:06:01.164"/>
</kw>
<kw name="Click Element" library="SeleniumLibrary">
<arg>xpath://button[@type='submit']</arg>
<doc>Click the element identified by ``locator``.</doc>
<msg timestamp="20230219 16:06:01.168" level="INFO">Clicking element 'xpath://button[@type='submit']'.</msg>
<status status="PASS" starttime="20230219 16:06:01.167" endtime="20230219 16:06:01.311"/>
</kw>
<kw name="Sleep" library="BuiltIn">
<arg>1</arg>
<doc>Pauses the test executed for the given time.</doc>
<msg timestamp="20230219 16:06:02.319" level="INFO">Slept 1 second</msg>
<status status="PASS" starttime="20230219 16:06:01.312" endtime="20230219 16:06:02.319"/>
</kw>
<kw name="Reload Page" library="SeleniumLibrary">
<doc>Simulates user reloading page.</doc>
<status status="PASS" starttime="20230219 16:06:02.320" endtime="20230219 16:06:02.554"/>
</kw>
<status status="PASS" starttime="20230219 16:05:52.584" endtime="20230219 16:06:02.555"/>
</test>
<test id="s1-t2" name="LoginTest2" line="25">
<kw name="Wait Until Page Contains Element" library="SeleniumLibrary">
<arg>xpath://input[@name='loginEmail']</arg>
<doc>Waits until the element ``locator`` appears on the current page.</doc>
<status status="PASS" starttime="20230219 16:06:02.558" endtime="20230219 16:06:02.913"/>
</kw>
<kw name="Input Text" library="SeleniumLibrary">
<arg>name:loginEmail</arg>
<arg>rahul.agarwall@mail.vinove.com</arg>
<doc>Types the given ``text`` into the text field identified by ``locator``.</doc>
<msg timestamp="20230219 16:06:02.916" level="INFO">Typing text 'rahul.agarwall@mail.vinove.com' into text field 'name:loginEmail'.</msg>
<status status="PASS" starttime="20230219 16:06:02.915" endtime="20230219 16:06:03.316"/>
</kw>
<kw name="Input Text" library="SeleniumLibrary">
<arg>name:password</arg>
<arg>Admin@123</arg>
<doc>Types the given ``text`` into the text field identified by ``locator``.</doc>
<msg timestamp="20230219 16:06:03.318" level="INFO">Typing text 'Admin@123' into text field 'name:password'.</msg>
<status status="PASS" starttime="20230219 16:06:03.317" endtime="20230219 16:06:03.530"/>
</kw>
<kw name="Click Element" library="SeleniumLibrary">
<arg>//button[@type='submit']</arg>
<doc>Click the element identified by ``locator``.</doc>
<msg timestamp="20230219 16:06:03.534" level="INFO">Clicking element '//button[@type='submit']'.</msg>
<status status="PASS" starttime="20230219 16:06:03.533" endtime="20230219 16:06:03.638"/>
</kw>
<kw name="Sleep" library="BuiltIn">
<arg>1</arg>
<doc>Pauses the test executed for the given time.</doc>
<msg timestamp="20230219 16:06:04.649" level="INFO">Slept 1 second</msg>
<status status="PASS" starttime="20230219 16:06:03.639" endtime="20230219 16:06:04.649"/>
</kw>
<kw name="Reload Page" library="SeleniumLibrary">
<doc>Simulates user reloading page.</doc>
<status status="PASS" starttime="20230219 16:06:04.650" endtime="20230219 16:06:04.825"/>
</kw>
<kw name="Sleep" library="BuiltIn">
<arg>2</arg>
<doc>Pauses the test executed for the given time.</doc>
<msg timestamp="20230219 16:06:06.828" level="INFO">Slept 2 seconds</msg>
<status status="PASS" starttime="20230219 16:06:04.827" endtime="20230219 16:06:06.828"/>
</kw>
<status status="PASS" starttime="20230219 16:06:02.557" endtime="20230219 16:06:06.829"/>
</test>
<test id="s1-t3" name="LoginTest3" line="37">
<kw name="Input Text" library="SeleniumLibrary">
<arg>name:loginEmail</arg>
<arg>rahul.agarwal@mail.vinove.com</arg>
<doc>Types the given ``text`` into the text field identified by ``locator``.</doc>
<msg timestamp="20230219 16:06:06.831" level="INFO">Typing text 'rahul.agarwal@mail.vinove.com' into text field 'name:loginEmail'.</msg>
<status status="PASS" starttime="20230219 16:06:06.830" endtime="20230219 16:06:07.077"/>
</kw>
<kw name="Input Text" library="SeleniumLibrary">
<arg>name:password</arg>
<arg>Admin@123</arg>
<doc>Types the given ``text`` into the text field identified by ``locator``.</doc>
<msg timestamp="20230219 16:06:07.079" level="INFO">Typing text 'Admin@123' into text field 'name:password'.</msg>
<status status="PASS" starttime="20230219 16:06:07.077" endtime="20230219 16:06:07.253"/>
</kw>
<kw name="Click Element" library="SeleniumLibrary">
<arg>//button[@type='submit']</arg>
<doc>Click the element identified by ``locator``.</doc>
<msg timestamp="20230219 16:06:07.254" level="INFO">Clicking element '//button[@type='submit']'.</msg>
<status status="PASS" starttime="20230219 16:06:07.254" endtime="20230219 16:06:07.352"/>
</kw>
<kw name="Sleep" library="BuiltIn">
<arg>1</arg>
<doc>Pauses the test executed for the given time.</doc>
<msg timestamp="20230219 16:06:08.367" level="INFO">Slept 1 second</msg>
<status status="PASS" starttime="20230219 16:06:07.353" endtime="20230219 16:06:08.367"/>
</kw>
<kw name="Page Should Contain Element" library="SeleniumLibrary">
<var>${verify}</var>
<arg>//span[@class='mr-2']</arg>
<arg>You have successfully logged in!</arg>
<doc>Verifies that element ``locator`` is found on the current page.</doc>
<msg timestamp="20230219 16:06:08.409" level="INFO">Current page contains element '//span[@class='mr-2']'.</msg>
<msg timestamp="20230219 16:06:08.409" level="INFO">${verify} = None</msg>
<status status="PASS" starttime="20230219 16:06:08.369" endtime="20230219 16:06:08.409"/>
</kw>
<kw name="Run Keyword If" library="BuiltIn">
<arg>${verify}</arg>
<arg>=</arg>
<arg>You have successfully logged in!</arg>
<arg>Test Keyword 1</arg>
<doc>Runs the given keyword with the given arguments, if ``condition`` is true.</doc>
<status status="PASS" starttime="20230219 16:06:08.411" endtime="20230219 16:06:08.412"/>
</kw>
<kw name="Log To Console" library="BuiltIn">
<arg>successfull</arg>
<doc>Logs the given message to the console.</doc>
<status status="PASS" starttime="20230219 16:06:08.413" endtime="20230219 16:06:08.414"/>
</kw>
<kw name="Page Should Contain Element" library="SeleniumLibrary">
<arg>class:brand-logo</arg>
<doc>Verifies that element ``locator`` is found on the current page.</doc>
<msg timestamp="20230219 16:06:08.447" level="INFO">Current page contains element 'class:brand-logo'.</msg>
<status status="PASS" starttime="20230219 16:06:08.415" endtime="20230219 16:06:08.448"/>
</kw>
<kw name="Mouse Down" library="SeleniumLibrary">
<arg>//span[normalize-space()='User Management']</arg>
<doc>Simulates pressing the left mouse button on the element ``locator``.</doc>
<msg timestamp="20230219 16:06:08.457" level="INFO">Simulating Mouse Down on element '//span[normalize-space()='User Management']'.</msg>
<status status="PASS" starttime="20230219 16:06:08.455" endtime="20230219 16:06:08.775"/>
</kw>
<kw name="Mouse Up" library="SeleniumLibrary">
<arg>//span[normalize-space()='User Management']</arg>
<doc>Simulates releasing the left mouse button on the element ``locator``.</doc>
<msg timestamp="20230219 16:06:08.777" level="INFO">Simulating Mouse Up on element '//span[normalize-space()='User Management']'.</msg>
<status status="PASS" starttime="20230219 16:06:08.776" endtime="20230219 16:06:09.096"/>
</kw>
<kw name="Sleep" library="BuiltIn">
<arg>3</arg>
<doc>Pauses the test executed for the given time.</doc>
<msg timestamp="20230219 16:06:12.102" level="INFO">Slept 3 seconds</msg>
<status status="PASS" starttime="20230219 16:06:09.096" endtime="20230219 16:06:12.102"/>
</kw>
<kw name="Go To" library="SeleniumLibrary">
<arg>https://propftxdevadmin.iworklab.com/transactions</arg>
<doc>Navigates the current browser window to the provided ``url``.</doc>
<msg timestamp="20230219 16:06:12.104" level="INFO">Opening url 'https://propftxdevadmin.iworklab.com/transactions'</msg>
<status status="PASS" starttime="20230219 16:06:12.104" endtime="20230219 16:06:12.507"/>
</kw>
<kw name="Sleep" library="BuiltIn">
<arg>3</arg>
<doc>Pauses the test executed for the given time.</doc>
<msg timestamp="20230219 16:06:15.521" level="INFO">Slept 3 seconds</msg>
<status status="PASS" starttime="20230219 16:06:12.509" endtime="20230219 16:06:15.521"/>
</kw>
<kw name="Close Browser" library="SeleniumLibrary">
<doc>Closes the current browser.</doc>
<status status="PASS" starttime="20230219 16:06:15.522" endtime="20230219 16:06:17.842"/>
</kw>
<status status="PASS" starttime="20230219 16:06:06.830" endtime="20230219 16:06:17.843"/>
</test>
<status status="PASS" starttime="20230219 16:05:52.187" endtime="20230219 16:06:17.846"/>
</suite>
<statistics>
<total>
<stat pass="3" fail="0" skip="0">All Tests</stat>
</total>
<tag>
</tag>
<suite>
<stat pass="3" fail="0" skip="0" id="s1" name="TC 2">TC 2</stat>
</suite>
</statistics>
<errors>
</errors>
</robot>
