<?xml version="1.0" encoding="UTF-8"?>
<robot generator="Robot 6.0.2 (Python 3.9.7 on win32)" generated="20230220 10:09:51.093" rpa="false" schemaversion="3">
<suite id="s1" name="TC 2" source="C:\Users\dell\PycharmProjects\rbt\TestCase\TC_2.robot">
<test id="s1-t1" name="LoginTest" line="7">
<kw name="Open Browser" library="SeleniumLibrary">
<arg>${url}</arg>
<arg>${browser}</arg>
<doc>Opens a new browser instance to the optional ``url``.</doc>
<msg timestamp="20230220 10:09:51.626" level="INFO">Opening browser 'chrome' to base url 'https://propftxdevadmin.iworklab.com/login/'.</msg>
<status status="PASS" starttime="20230220 10:09:51.625" endtime="20230220 10:09:56.532"/>
</kw>
<kw name="Maximize Browser Window" library="SeleniumLibrary">
<doc>Maximizes current browser window.</doc>
<status status="PASS" starttime="20230220 10:09:56.532" endtime="20230220 10:09:56.679"/>
</kw>
<kw name="Title Should Be" library="SeleniumLibrary">
<arg>PropFTX Admin</arg>
<doc>Verifies that the current page title equals ``title``.</doc>
<msg timestamp="20230220 10:09:56.701" level="INFO">Page title is 'PropFTX Admin'.</msg>
<status status="PASS" starttime="20230220 10:09:56.679" endtime="20230220 10:09:56.702"/>
</kw>
<kw name="Set Variable" library="BuiltIn">
<var>${loginEmail}</var>
<arg>//input[@name='loginEmail']</arg>
<doc>Returns the given values which can then be assigned to a variables.</doc>
<msg timestamp="20230220 10:09:56.708" level="INFO">${loginEmail} = //input[@name='loginEmail']</msg>
<status status="PASS" starttime="20230220 10:09:56.706" endtime="20230220 10:09:56.708"/>
</kw>
<kw name="Wait Until Page Contains Element" library="SeleniumLibrary">
<arg>${loginEmail}</arg>
<doc>Waits until the element ``locator`` appears on the current page.</doc>
<status status="PASS" starttime="20230220 10:09:56.713" endtime="20230220 10:09:57.059"/>
</kw>
<kw name="Element Should Be Enabled" library="SeleniumLibrary">
<arg>${loginEmail}</arg>
<doc>Verifies that element identified by ``locator`` is enabled.</doc>
<status status="PASS" starttime="20230220 10:09:57.060" endtime="20230220 10:09:57.310"/>
</kw>
<kw name="Element Should Be Visible" library="SeleniumLibrary">
<arg>${loginEmail}</arg>
<doc>Verifies that the element identified by ``locator`` is visible.</doc>
<msg timestamp="20230220 10:09:57.369" level="INFO">Element '//input[@name='loginEmail']' is displayed.</msg>
<status status="PASS" starttime="20230220 10:09:57.311" endtime="20230220 10:09:57.369"/>
</kw>
<kw name="Input Text" library="SeleniumLibrary">
<arg>${loginEmail}</arg>
<arg>rahul.agarwal@mail.vinove.com</arg>
<doc>Types the given ``text`` into the text field identified by ``locator``.</doc>
<msg timestamp="20230220 10:09:57.371" level="INFO">Typing text 'rahul.agarwal@mail.vinove.com' into text field '//input[@name='loginEmail']'.</msg>
<status status="PASS" starttime="20230220 10:09:57.369" endtime="20230220 10:09:57.704"/>
</kw>
<kw name="Sleep" library="BuiltIn">
<arg>3</arg>
<doc>Pauses the test executed for the given time.</doc>
<msg timestamp="20230220 10:10:00.706" level="INFO">Slept 3 seconds</msg>
<status status="PASS" starttime="20230220 10:09:57.705" endtime="20230220 10:10:00.706"/>
</kw>
<kw name="Input Text" library="SeleniumLibrary">
<arg>name:password</arg>
<arg>Admin@1234</arg>
<doc>Types the given ``text`` into the text field identified by ``locator``.</doc>
<msg timestamp="20230220 10:10:00.708" level="INFO">Typing text 'Admin@1234' into text field 'name:password'.</msg>
<status status="PASS" starttime="20230220 10:10:00.707" endtime="20230220 10:10:01.016"/>
</kw>
<kw name="Click Element" library="SeleniumLibrary">
<arg>xpath://button[@type='submit']</arg>
<doc>Click the element identified by ``locator``.</doc>
<msg timestamp="20230220 10:10:01.019" level="INFO">Clicking element 'xpath://button[@type='submit']'.</msg>
<status status="PASS" starttime="20230220 10:10:01.017" endtime="20230220 10:10:01.177"/>
</kw>
<kw name="Sleep" library="BuiltIn">
<arg>1</arg>
<doc>Pauses the test executed for the given time.</doc>
<msg timestamp="20230220 10:10:02.179" level="INFO">Slept 1 second</msg>
<status status="PASS" starttime="20230220 10:10:01.178" endtime="20230220 10:10:02.179"/>
</kw>
<kw name="Reload Page" library="SeleniumLibrary">
<doc>Simulates user reloading page.</doc>
<status status="PASS" starttime="20230220 10:10:02.179" endtime="20230220 10:10:02.655"/>
</kw>
<status status="PASS" starttime="20230220 10:09:51.624" endtime="20230220 10:10:02.656"/>
</test>
<test id="s1-t2" name="LoginTest2" line="25">
<kw name="Wait Until Page Contains Element" library="SeleniumLibrary">
<arg>xpath://input[@name='loginEmail']</arg>
<doc>Waits until the element ``locator`` appears on the current page.</doc>
<status status="PASS" starttime="20230220 10:10:02.661" endtime="20230220 10:10:03.114"/>
</kw>
<kw name="Input Text" library="SeleniumLibrary">
<arg>name:loginEmail</arg>
<arg>rahul.agarwall@mail.vinove.com</arg>
<doc>Types the given ``text`` into the text field identified by ``locator``.</doc>
<msg timestamp="20230220 10:10:03.116" level="INFO">Typing text 'rahul.agarwall@mail.vinove.com' into text field 'name:loginEmail'.</msg>
<status status="PASS" starttime="20230220 10:10:03.114" endtime="20230220 10:10:03.505"/>
</kw>
<kw name="Input Text" library="SeleniumLibrary">
<arg>name:password</arg>
<arg>Admin@123</arg>
<doc>Types the given ``text`` into the text field identified by ``locator``.</doc>
<msg timestamp="20230220 10:10:03.520" level="INFO">Typing text 'Admin@123' into text field 'name:password'.</msg>
<status status="PASS" starttime="20230220 10:10:03.519" endtime="20230220 10:10:03.789"/>
</kw>
<kw name="Click Element" library="SeleniumLibrary">
<arg>//button[@type='submit']</arg>
<doc>Click the element identified by ``locator``.</doc>
<msg timestamp="20230220 10:10:03.792" level="INFO">Clicking element '//button[@type='submit']'.</msg>
<status status="PASS" starttime="20230220 10:10:03.790" endtime="20230220 10:10:03.939"/>
</kw>
<kw name="Sleep" library="BuiltIn">
<arg>1</arg>
<doc>Pauses the test executed for the given time.</doc>
<msg timestamp="20230220 10:10:04.941" level="INFO">Slept 1 second</msg>
<status status="PASS" starttime="20230220 10:10:03.940" endtime="20230220 10:10:04.941"/>
</kw>
<kw name="Reload Page" library="SeleniumLibrary">
<doc>Simulates user reloading page.</doc>
<status status="PASS" starttime="20230220 10:10:04.942" endtime="20230220 10:10:05.209"/>
</kw>
<kw name="Sleep" library="BuiltIn">
<arg>2</arg>
<doc>Pauses the test executed for the given time.</doc>
<msg timestamp="20230220 10:10:07.222" level="INFO">Slept 2 seconds</msg>
<status status="PASS" starttime="20230220 10:10:05.220" endtime="20230220 10:10:07.222"/>
</kw>
<status status="PASS" starttime="20230220 10:10:02.660" endtime="20230220 10:10:07.223"/>
</test>
<test id="s1-t3" name="LoginTest3" line="37">
<kw name="Input Text" library="SeleniumLibrary">
<arg>name:loginEmail</arg>
<arg>rahul.agarwal@mail.vinove.com</arg>
<doc>Types the given ``text`` into the text field identified by ``locator``.</doc>
<msg timestamp="20230220 10:10:07.230" level="INFO">Typing text 'rahul.agarwal@mail.vinove.com' into text field 'name:loginEmail'.</msg>
<status status="PASS" starttime="20230220 10:10:07.226" endtime="20230220 10:10:07.467"/>
</kw>
<kw name="Input Text" library="SeleniumLibrary">
<arg>name:password</arg>
<arg>Admin@123</arg>
<doc>Types the given ``text`` into the text field identified by ``locator``.</doc>
<msg timestamp="20230220 10:10:07.469" level="INFO">Typing text 'Admin@123' into text field 'name:password'.</msg>
<status status="PASS" starttime="20230220 10:10:07.468" endtime="20230220 10:10:07.702"/>
</kw>
<kw name="Click Element" library="SeleniumLibrary">
<arg>//button[@type='submit']</arg>
<doc>Click the element identified by ``locator``.</doc>
<msg timestamp="20230220 10:10:07.704" level="INFO">Clicking element '//button[@type='submit']'.</msg>
<status status="PASS" starttime="20230220 10:10:07.703" endtime="20230220 10:10:07.827"/>
</kw>
<kw name="Sleep" library="BuiltIn">
<arg>1</arg>
<doc>Pauses the test executed for the given time.</doc>
<msg timestamp="20230220 10:10:08.829" level="INFO">Slept 1 second</msg>
<status status="PASS" starttime="20230220 10:10:07.828" endtime="20230220 10:10:08.829"/>
</kw>
<kw name="Page Should Contain Element" library="SeleniumLibrary">
<var>${verify}</var>
<arg>//span[@class='mr-2']</arg>
<arg>You have successfully logged in!</arg>
<doc>Verifies that element ``locator`` is found on the current page.</doc>
<msg timestamp="20230220 10:10:09.062" level="INFO">Current page contains element '//span[@class='mr-2']'.</msg>
<msg timestamp="20230220 10:10:09.062" level="INFO">${verify} = None</msg>
<status status="PASS" starttime="20230220 10:10:08.829" endtime="20230220 10:10:09.062"/>
</kw>
<kw name="Run Keyword If" library="BuiltIn">
<arg>${verify}</arg>
<arg>=</arg>
<arg>You have successfully logged in!</arg>
<arg>Test Keyword 1</arg>
<doc>Runs the given keyword with the given arguments, if ``condition`` is true.</doc>
<status status="PASS" starttime="20230220 10:10:09.070" endtime="20230220 10:10:09.071"/>
</kw>
<kw name="Log To Console" library="BuiltIn">
<arg>successfull login</arg>
<doc>Logs the given message to the console.</doc>
<status status="PASS" starttime="20230220 10:10:09.073" endtime="20230220 10:10:09.074"/>
</kw>
<kw name="Page Should Contain Element" library="SeleniumLibrary">
<arg>class:brand-logo</arg>
<doc>Verifies that element ``locator`` is found on the current page.</doc>
<msg timestamp="20230220 10:10:09.170" level="INFO">Current page contains element 'class:brand-logo'.</msg>
<status status="PASS" starttime="20230220 10:10:09.085" endtime="20230220 10:10:09.170"/>
</kw>
<kw name="Mouse Down" library="SeleniumLibrary">
<arg>//span[text()='User Management']</arg>
<doc>Simulates pressing the left mouse button on the element ``locator``.</doc>
<msg timestamp="20230220 10:10:09.172" level="INFO">Simulating Mouse Down on element '//span[text()='User Management']'.</msg>
<status status="PASS" starttime="20230220 10:10:09.171" endtime="20230220 10:10:09.543"/>
</kw>
<kw name="Mouse Up" library="SeleniumLibrary">
<arg>//span[text()='User Management']</arg>
<doc>Simulates releasing the left mouse button on the element ``locator``.</doc>
<msg timestamp="20230220 10:10:09.544" level="INFO">Simulating Mouse Up on element '//span[text()='User Management']'.</msg>
<status status="PASS" starttime="20230220 10:10:09.543" endtime="20230220 10:10:09.891"/>
</kw>
<kw name="Sleep" library="BuiltIn">
<arg>3</arg>
<doc>Pauses the test executed for the given time.</doc>
<msg timestamp="20230220 10:10:12.893" level="INFO">Slept 3 seconds</msg>
<status status="PASS" starttime="20230220 10:10:09.891" endtime="20230220 10:10:12.893"/>
</kw>
<kw name="Go To" library="SeleniumLibrary">
<arg>https://propftxdevadmin.iworklab.com/transactions</arg>
<doc>Navigates the current browser window to the provided ``url``.</doc>
<msg timestamp="20230220 10:10:12.896" level="INFO">Opening url 'https://propftxdevadmin.iworklab.com/transactions'</msg>
<status status="PASS" starttime="20230220 10:10:12.895" endtime="20230220 10:10:13.774"/>
</kw>
<kw name="Sleep" library="BuiltIn">
<arg>3</arg>
<doc>Pauses the test executed for the given time.</doc>
<msg timestamp="20230220 10:10:16.778" level="INFO">Slept 3 seconds</msg>
<status status="PASS" starttime="20230220 10:10:13.777" endtime="20230220 10:10:16.778"/>
</kw>
<kw name="Close Browser" library="SeleniumLibrary">
<doc>Closes the current browser.</doc>
<status status="PASS" starttime="20230220 10:10:16.779" endtime="20230220 10:10:19.668"/>
</kw>
<status status="PASS" starttime="20230220 10:10:07.224" endtime="20230220 10:10:19.669"/>
</test>
<status status="PASS" starttime="20230220 10:09:51.106" endtime="20230220 10:10:19.671"/>
</suite>
<statistics>
<total>
<stat pass="3" fail="0" skip="0">All Tests</stat>
</total>
<tag>
</tag>
<suite>
<stat pass="3" fail="0" skip="0" id="s1" name="TC 2">TC 2</stat>
</suite>
</statistics>
<errors>
</errors>
</robot>
